<?xml version="1.0" encoding="utf-8"?>
<coverage line-rate="0.1352" branch-rate="0.0885" version="1.9" timestamp="1776379343" lines-covered="81" lines-valid="599" branches-covered="17" branches-valid="192">
  <sources>
    <source>C:\Users\antoi\Serilog.Sinks.SentrySDK\src\</source>
  </sources>
  <packages>
    <package name="Serilog.Sinks.SentrySDK.AspNetCore" line-rate="0.8526" branch-rate="0.85" complexity="31">
      <classes>
        <class name="Serilog.Sinks.SentrySDK.AspNetCore.AspCoreHttpContextAdapter" filename="Serilog.Sinks.SentrySDK.AspNetCore\AspCoreHttpContextAdapter.cs" line-rate="1" branch-rate="0.875" complexity="18">
          <methods>
            <method name="get_RemoteIpAddress" signature="()" line-rate="1" branch-rate="1" complexity="4">
              <lines>
                <line number="36" hits="2" branch="True" condition-coverage="100% (4/4)">
                  <conditions>
                    <condition number="17" type="jump" coverage="100%" />
                    <condition number="29" type="jump" coverage="100%" />
                  </conditions>
                </line>
              </lines>
            </method>
            <method name="get_RequestCookies" signature="()" line-rate="1" branch-rate="1" complexity="1">
              <lines>
                <line number="42" hits="5" branch="False" />
              </lines>
            </method>
            <method name="get_RequestHeaders" signature="()" line-rate="1" branch-rate="1" complexity="1">
              <lines>
                <line number="47" hits="5" branch="False" />
              </lines>
            </method>
            <method name="get_RequestMethod" signature="()" line-rate="1" branch-rate="1" complexity="1">
              <lines>
                <line number="52" hits="1" branch="False" />
              </lines>
            </method>
            <method name="get_RequestPath" signature="()" line-rate="1" branch-rate="1" complexity="1">
              <lines>
                <line number="57" hits="1" branch="False" />
              </lines>
            </method>
            <method name="get_RequestQueryString" signature="()" line-rate="1" branch-rate="1" complexity="1">
              <lines>
                <line number="62" hits="1" branch="False" />
              </lines>
            </method>
            <method name="get_User" signature="()" line-rate="1" branch-rate="1" complexity="1">
              <lines>
                <line number="67" hits="1" branch="False" />
              </lines>
            </method>
            <method name="get_RequestProtocol" signature="()" line-rate="1" branch-rate="1" complexity="1">
              <lines>
                <line number="72" hits="1" branch="False" />
              </lines>
            </method>
            <method name="get_RequestScheme" signature="()" line-rate="1" branch-rate="1" complexity="1">
              <lines>
                <line number="77" hits="1" branch="False" />
              </lines>
            </method>
            <method name="get_RequestUserAgent" signature="()" line-rate="1" branch-rate="1" complexity="1">
              <lines>
                <line number="82" hits="1" branch="False" />
              </lines>
            </method>
            <method name="get_ResponseStatusCode" signature="()" line-rate="1" branch-rate="1" complexity="1">
              <lines>
                <line number="87" hits="1" branch="False" />
              </lines>
            </method>
            <method name="GetRequestBody" signature="()" line-rate="1" branch-rate="1" complexity="2">
              <lines>
                <line number="94" hits="2" branch="False" />
                <line number="95" hits="2" branch="True" condition-coverage="100% (2/2)">
                  <conditions>
                    <condition number="24" type="jump" coverage="100%" />
                  </conditions>
                </line>
                <line number="96" hits="1" branch="False" />
                <line number="97" hits="1" branch="False" />
                <line number="98" hits="1" branch="False" />
                <line number="99" hits="1" branch="False" />
                <line number="100" hits="1" branch="False" />
                <line number="101" hits="1" branch="False" />
                <line number="105" hits="1" branch="False" />
                <line number="106" hits="2" branch="False" />
              </lines>
            </method>
            <method name=".ctor" signature="(Microsoft.AspNetCore.Http.HttpContext)" line-rate="1" branch-rate="0.5" complexity="2">
              <lines>
                <line number="28" hits="18" branch="False" />
                <line number="29" hits="18" branch="False" />
                <line number="30" hits="18" branch="True" condition-coverage="50% (1/2)">
                  <conditions>
                    <condition number="11" type="jump" coverage="50%" />
                  </conditions>
                </line>
                <line number="31" hits="18" branch="False" />
              </lines>
            </method>
          </methods>
          <lines>
            <line number="36" hits="2" branch="True" condition-coverage="100% (4/4)">
              <conditions>
                <condition number="17" type="jump" coverage="100%" />
                <condition number="29" type="jump" coverage="100%" />
              </conditions>
            </line>
            <line number="42" hits="5" branch="False" />
            <line number="47" hits="5" branch="False" />
            <line number="52" hits="1" branch="False" />
            <line number="57" hits="1" branch="False" />
            <line number="62" hits="1" branch="False" />
            <line number="67" hits="1" branch="False" />
            <line number="72" hits="1" branch="False" />
            <line number="77" hits="1" branch="False" />
            <line number="82" hits="1" branch="False" />
            <line number="87" hits="1" branch="False" />
            <line number="94" hits="2" branch="False" />
            <line number="95" hits="2" branch="True" condition-coverage="100% (2/2)">
              <conditions>
                <condition number="24" type="jump" coverage="100%" />
              </conditions>
            </line>
            <line number="96" hits="1" branch="False" />
            <line number="97" hits="1" branch="False" />
            <line number="98" hits="1" branch="False" />
            <line number="99" hits="1" branch="False" />
            <line number="100" hits="1" branch="False" />
            <line number="101" hits="1" branch="False" />
            <line number="105" hits="1" branch="False" />
            <line number="106" hits="2" branch="False" />
            <line number="28" hits="18" branch="False" />
            <line number="29" hits="18" branch="False" />
            <line number="30" hits="18" branch="True" condition-coverage="50% (1/2)">
              <conditions>
                <condition number="11" type="jump" coverage="50%" />
              </conditions>
            </line>
            <line number="31" hits="18" branch="False" />
          </lines>
        </class>
        <class name="Serilog.Sinks.SentrySDK.AspNetCore.AspCoreHttpContextAdapter/&lt;GetRequestBodyAsync&gt;d__25" filename="Serilog.Sinks.SentrySDK.AspNetCore\AspCoreHttpContextAdapter.cs" line-rate="1" branch-rate="1" complexity="2">
          <methods>
            <method name="MoveNext" signature="()" line-rate="1" branch-rate="1" complexity="2">
              <lines>
                <line number="113" hits="2" branch="False" />
                <line number="114" hits="2" branch="True" condition-coverage="100% (2/2)">
                  <conditions>
                    <condition number="43" type="jump" coverage="100%" />
                  </conditions>
                </line>
                <line number="115" hits="1" branch="False" />
                <line number="116" hits="1" branch="False" />
                <line number="117" hits="1" branch="False" />
                <line number="118" hits="1" branch="False" />
                <line number="119" hits="1" branch="False" />
                <line number="120" hits="1" branch="False" />
                <line number="124" hits="1" branch="False" />
                <line number="125" hits="2" branch="False" />
              </lines>
            </method>
          </methods>
          <lines>
            <line number="113" hits="2" branch="False" />
            <line number="114" hits="2" branch="True" condition-coverage="100% (2/2)">
              <conditions>
                <condition number="43" type="jump" coverage="100%" />
              </conditions>
            </line>
            <line number="115" hits="1" branch="False" />
            <line number="116" hits="1" branch="False" />
            <line number="117" hits="1" branch="False" />
            <line number="118" hits="1" branch="False" />
            <line number="119" hits="1" branch="False" />
            <line number="120" hits="1" branch="False" />
            <line number="124" hits="1" branch="False" />
            <line number="125" hits="2" branch="False" />
          </lines>
        </class>
        <class name="Serilog.Sinks.SentrySDK.AspNetCore.ExceptionExtensions" filename="Serilog.Sinks.SentrySDK.AspNetCore\ExceptionExtensions.cs" line-rate="1" branch-rate="1" complexity="4">
          <methods>
            <method name="CheckIfCaptured" signature="(System.Exception)" line-rate="1" branch-rate="1" complexity="2">
              <lines>
                <line number="19" hits="3" branch="False" />
                <line number="20" hits="3" branch="True" condition-coverage="100% (2/2)">
                  <conditions>
                    <condition number="7" type="jump" coverage="100%" />
                  </conditions>
                </line>
                <line number="21" hits="1" branch="False" />
                <line number="22" hits="1" branch="False" />
                <line number="25" hits="2" branch="False" />
                <line number="26" hits="2" branch="False" />
              </lines>
            </method>
            <method name="SetCaptured" signature="(System.Exception)" line-rate="1" branch-rate="1" complexity="2">
              <lines>
                <line number="33" hits="2" branch="False" />
                <line number="34" hits="2" branch="True" condition-coverage="100% (2/2)">
                  <conditions>
                    <condition number="7" type="jump" coverage="100%" />
                  </conditions>
                </line>
                <line number="35" hits="1" branch="False" />
                <line number="36" hits="1" branch="False" />
                <line number="39" hits="1" branch="False" />
                <line number="40" hits="2" branch="False" />
              </lines>
            </method>
          </methods>
          <lines>
            <line number="19" hits="3" branch="False" />
            <line number="20" hits="3" branch="True" condition-coverage="100% (2/2)">
              <conditions>
                <condition number="7" type="jump" coverage="100%" />
              </conditions>
            </line>
            <line number="21" hits="1" branch="False" />
            <line number="22" hits="1" branch="False" />
            <line number="25" hits="2" branch="False" />
            <line number="26" hits="2" branch="False" />
            <line number="33" hits="2" branch="False" />
            <line number="34" hits="2" branch="True" condition-coverage="100% (2/2)">
              <conditions>
                <condition number="7" type="jump" coverage="100%" />
              </conditions>
            </line>
            <line number="35" hits="1" branch="False" />
            <line number="36" hits="1" branch="False" />
            <line number="39" hits="1" branch="False" />
            <line number="40" hits="2" branch="False" />
          </lines>
        </class>
        <class name="Serilog.Sinks.SentrySDK.AspNetCore.HttpContextDestructingPolicy" filename="Serilog.Sinks.SentrySDK.AspNetCore\HttpContextDestructingPolicy.cs" line-rate="1" branch-rate="1" complexity="2">
          <methods>
            <method name="TryDestructure" signature="(System.Object,Serilog.Core.ILogEventPropertyValueFactory,Serilog.Events.LogEventPropertyValue&amp;)" line-rate="1" branch-rate="1" complexity="2">
              <lines>
                <line number="24" hits="2" branch="False" />
                <line number="25" hits="2" branch="True" condition-coverage="100% (2/2)">
                  <conditions>
                    <condition number="12" type="jump" coverage="100%" />
                  </conditions>
                </line>
                <line number="26" hits="1" branch="False" />
                <line number="27" hits="1" branch="False" />
                <line number="28" hits="1" branch="False" />
                <line number="31" hits="1" branch="False" />
                <line number="32" hits="1" branch="False" />
                <line number="33" hits="2" branch="False" />
              </lines>
            </method>
          </methods>
          <lines>
            <line number="24" hits="2" branch="False" />
            <line number="25" hits="2" branch="True" condition-coverage="100% (2/2)">
              <conditions>
                <condition number="12" type="jump" coverage="100%" />
              </conditions>
            </line>
            <line number="26" hits="1" branch="False" />
            <line number="27" hits="1" branch="False" />
            <line number="28" hits="1" branch="False" />
            <line number="31" hits="1" branch="False" />
            <line number="32" hits="1" branch="False" />
            <line number="33" hits="2" branch="False" />
          </lines>
        </class>
        <class name="Serilog.Sinks.SentrySDK.AspNetCore.SentrySinkContextMiddleware" filename="Serilog.Sinks.SentrySDK.AspNetCore\SentrySinkContextMiddleware.cs" line-rate="1" branch-rate="0.5" complexity="2">
          <methods>
            <method name=".ctor" signature="(Microsoft.AspNetCore.Http.RequestDelegate)" line-rate="1" branch-rate="0.5" complexity="2">
              <lines>
                <line number="19" hits="2" branch="False" />
                <line number="20" hits="2" branch="False" />
                <line number="21" hits="2" branch="True" condition-coverage="50% (1/2)">
                  <conditions>
                    <condition number="11" type="jump" coverage="50%" />
                  </conditions>
                </line>
                <line number="22" hits="2" branch="False" />
              </lines>
            </method>
          </methods>
          <lines>
            <line number="19" hits="2" branch="False" />
            <line number="20" hits="2" branch="False" />
            <line number="21" hits="2" branch="True" condition-coverage="50% (1/2)">
              <conditions>
                <condition number="11" type="jump" coverage="50%" />
              </conditions>
            </line>
            <line number="22" hits="2" branch="False" />
          </lines>
        </class>
        <class name="Serilog.Sinks.SentrySDK.AspNetCore.SentrySinkContextMiddleware/&lt;Invoke&gt;d__2" filename="Serilog.Sinks.SentrySDK.AspNetCore\SentrySinkContextMiddleware.cs" line-rate="1" branch-rate="1" complexity="1">
          <methods>
            <method name="MoveNext" signature="()" line-rate="1" branch-rate="1" complexity="1">
              <lines>
                <line number="30" hits="2" branch="False" />
                <line number="31" hits="2" branch="False" />
                <line number="32" hits="2" branch="False" />
                <line number="34" hits="2" branch="False" />
                <line number="35" hits="2" branch="False" />
                <line number="36" hits="1" branch="False" />
                <line number="37" hits="1" branch="False" />
                <line number="38" hits="1" branch="False" />
                <line number="39" hits="1" branch="False" />
                <line number="40" hits="1" branch="False" />
                <line number="42" hits="1" branch="False" />
                <line number="43" hits="1" branch="False" />
              </lines>
            </method>
          </methods>
          <lines>
            <line number="30" hits="2" branch="False" />
            <line number="31" hits="2" branch="False" />
            <line number="32" hits="2" branch="False" />
            <line number="34" hits="2" branch="False" />
            <line number="35" hits="2" branch="False" />
            <line number="36" hits="1" branch="False" />
            <line number="37" hits="1" branch="False" />
            <line number="38" hits="1" branch="False" />
            <line number="39" hits="1" branch="False" />
            <line number="40" hits="1" branch="False" />
            <line number="42" hits="1" branch="False" />
            <line number="43" hits="1" branch="False" />
          </lines>
        </class>
        <class name="Serilog.Sinks.SentrySDK.AspNetCore.SentrySinkContextMiddlewareExtensions" filename="Serilog.Sinks.SentrySDK.AspNetCore\SerilogSentryExtensions.cs" line-rate="0.41659999999999997" branch-rate="0.5" complexity="2">
          <methods>
            <method name="AddSentryContext" signature="(Microsoft.AspNetCore.Builder.IApplicationBuilder)" line-rate="0.41659999999999997" branch-rate="0.5" complexity="2">
              <lines>
                <line number="20" hits="1" branch="False" />
                <line number="21" hits="1" branch="True" condition-coverage="50% (1/2)">
                  <conditions>
                    <condition number="7" type="jump" coverage="50%" />
                  </conditions>
                </line>
                <line number="22" hits="0" branch="False" />
                <line number="23" hits="0" branch="False" />
                <line number="26" hits="1" branch="False" />
                <line number="27" hits="0" branch="False" />
                <line number="28" hits="1" branch="False" />
                <line number="29" hits="0" branch="False" />
                <line number="30" hits="0" branch="False" />
                <line number="31" hits="0" branch="False" />
                <line number="32" hits="1" branch="False" />
                <line number="33" hits="0" branch="False" />
                <line number="34" hits="0" branch="False" />
                <line number="35" hits="0" branch="False" />
                <line number="36" hits="0" branch="False" />
                <line number="37" hits="1" branch="False" />
                <line number="38" hits="1" branch="False" />
                <line number="41" hits="1" branch="False" />
                <line number="42" hits="1" branch="False" />
                <line number="44" hits="0" branch="False" />
                <line number="45" hits="0" branch="False" />
                <line number="46" hits="0" branch="False" />
                <line number="47" hits="0" branch="False" />
                <line number="49" hits="1" branch="False" />
              </lines>
            </method>
          </methods>
          <lines>
            <line number="20" hits="1" branch="False" />
            <line number="21" hits="1" branch="True" condition-coverage="50% (1/2)">
              <conditions>
                <condition number="7" type="jump" coverage="50%" />
              </conditions>
            </line>
            <line number="22" hits="0" branch="False" />
            <line number="23" hits="0" branch="False" />
            <line number="26" hits="1" branch="False" />
            <line number="27" hits="0" branch="False" />
            <line number="28" hits="1" branch="False" />
            <line number="29" hits="0" branch="False" />
            <line number="30" hits="0" branch="False" />
            <line number="31" hits="0" branch="False" />
            <line number="32" hits="1" branch="False" />
            <line number="33" hits="0" branch="False" />
            <line number="34" hits="0" branch="False" />
            <line number="35" hits="0" branch="False" />
            <line number="36" hits="0" branch="False" />
            <line number="37" hits="1" branch="False" />
            <line number="38" hits="1" branch="False" />
            <line number="41" hits="1" branch="False" />
            <line number="42" hits="1" branch="False" />
            <line number="44" hits="0" branch="False" />
            <line number="45" hits="0" branch="False" />
            <line number="46" hits="0" branch="False" />
            <line number="47" hits="0" branch="False" />
            <line number="49" hits="1" branch="False" />
          </lines>
        </class>
      </classes>
    </package>
    <package name="Serilog.Sinks.SentrySDK" line-rate="0" branch-rate="0" complexity="188">
      <classes>
        <class name="Serilog.Sinks.SentrySDK.SentryRequestFactory" filename="Serilog.Sinks.SentrySDK\AspNetCoreSentryRequestFactory.cs" line-rate="0" branch-rate="1" complexity="3">
          <methods>
            <method name="get_SentryHttpContext" signature="()" line-rate="0" branch-rate="1" complexity="1">
              <lines>
                <line number="32" hits="0" branch="False" />
              </lines>
            </method>
            <method name="Create" signature="()" line-rate="0" branch-rate="1" complexity="1">
              <lines>
                <line number="39" hits="0" branch="False" />
                <line number="40" hits="0" branch="False" />
                <line number="41" hits="0" branch="False" />
                <line number="42" hits="0" branch="False" />
                <line number="43" hits="0" branch="False" />
                <line number="44" hits="0" branch="False" />
                <line number="45" hits="0" branch="False" />
                <line number="46" hits="0" branch="False" />
                <line number="47" hits="0" branch="False" />
                <line number="48" hits="0" branch="False" />
                <line number="49" hits="0" branch="False" />
                <line number="51" hits="0" branch="False" />
                <line number="52" hits="0" branch="False" />
              </lines>
            </method>
            <method name=".ctor" signature="(Serilog.Sinks.SentrySDK.ISentryHttpContext)" line-rate="0" branch-rate="1" complexity="1">
              <lines>
                <line number="27" hits="0" branch="False" />
                <line number="28" hits="0" branch="False" />
                <line number="29" hits="0" branch="False" />
                <line number="30" hits="0" branch="False" />
              </lines>
            </method>
          </methods>
          <lines>
            <line number="32" hits="0" branch="False" />
            <line number="39" hits="0" branch="False" />
            <line number="40" hits="0" branch="False" />
            <line number="41" hits="0" branch="False" />
            <line number="42" hits="0" branch="False" />
            <line number="43" hits="0" branch="False" />
            <line number="44" hits="0" branch="False" />
            <line number="45" hits="0" branch="False" />
            <line number="46" hits="0" branch="False" />
            <line number="47" hits="0" branch="False" />
            <line number="48" hits="0" branch="False" />
            <line number="49" hits="0" branch="False" />
            <line number="51" hits="0" branch="False" />
            <line number="52" hits="0" branch="False" />
            <line number="27" hits="0" branch="False" />
            <line number="28" hits="0" branch="False" />
            <line number="29" hits="0" branch="False" />
            <line number="30" hits="0" branch="False" />
          </lines>
        </class>
        <class name="Serilog.Sinks.SentrySDK.SentryRequest" filename="Serilog.Sinks.SentrySDK\AspNetCoreSentryRequestFactory.cs" line-rate="0" branch-rate="1" complexity="7">
          <methods>
            <method name="get_Url" signature="()" line-rate="0" branch-rate="1" complexity="1">
              <lines>
                <line number="82" hits="0" branch="False" />
              </lines>
            </method>
            <method name="get_Method" signature="()" line-rate="0" branch-rate="1" complexity="1">
              <lines>
                <line number="84" hits="0" branch="False" />
              </lines>
            </method>
            <method name="get_Environment" signature="()" line-rate="0" branch-rate="1" complexity="1">
              <lines>
                <line number="86" hits="0" branch="False" />
              </lines>
            </method>
            <method name="get_Headers" signature="()" line-rate="0" branch-rate="1" complexity="1">
              <lines>
                <line number="88" hits="0" branch="False" />
              </lines>
            </method>
            <method name="get_Cookies" signature="()" line-rate="0" branch-rate="1" complexity="1">
              <lines>
                <line number="90" hits="0" branch="False" />
              </lines>
            </method>
            <method name="get_Data" signature="()" line-rate="0" branch-rate="1" complexity="1">
              <lines>
                <line number="92" hits="0" branch="False" />
              </lines>
            </method>
            <method name="get_QueryString" signature="()" line-rate="0" branch-rate="1" complexity="1">
              <lines>
                <line number="94" hits="0" branch="False" />
              </lines>
            </method>
          </methods>
          <lines>
            <line number="82" hits="0" branch="False" />
            <line number="84" hits="0" branch="False" />
            <line number="86" hits="0" branch="False" />
            <line number="88" hits="0" branch="False" />
            <line number="90" hits="0" branch="False" />
            <line number="92" hits="0" branch="False" />
            <line number="94" hits="0" branch="False" />
          </lines>
        </class>
        <class name="Serilog.Sinks.SentrySDK.SentryUserFactory" filename="Serilog.Sinks.SentrySDK\AspNetCoreSentryUserFactory.cs" line-rate="0" branch-rate="0" complexity="9">
          <methods>
            <method name="Create" signature="()" line-rate="0" branch-rate="0" complexity="8">
              <lines>
                <line number="40" hits="0" branch="False" />
                <line number="41" hits="0" branch="False" />
                <line number="42" hits="0" branch="True" condition-coverage="0% (0/8)">
                  <conditions>
                    <condition number="48" type="jump" coverage="0%" />
                    <condition number="65" type="jump" coverage="0%" />
                    <condition number="84" type="jump" coverage="0%" />
                    <condition number="101" type="jump" coverage="0%" />
                  </conditions>
                </line>
                <line number="43" hits="0" branch="False" />
                <line number="44" hits="0" branch="False" />
                <line number="45" hits="0" branch="False" />
                <line number="46" hits="0" branch="False" />
                <line number="47" hits="0" branch="False" />
                <line number="48" hits="0" branch="False" />
                <line number="50" hits="0" branch="False" />
                <line number="51" hits="0" branch="False" />
              </lines>
            </method>
            <method name=".ctor" signature="(Serilog.Sinks.SentrySDK.ISentryHttpContext)" line-rate="0" branch-rate="1" complexity="1">
              <lines>
                <line number="30" hits="0" branch="False" />
                <line number="31" hits="0" branch="False" />
                <line number="32" hits="0" branch="False" />
                <line number="33" hits="0" branch="False" />
              </lines>
            </method>
          </methods>
          <lines>
            <line number="40" hits="0" branch="False" />
            <line number="41" hits="0" branch="False" />
            <line number="42" hits="0" branch="True" condition-coverage="0% (0/8)">
              <conditions>
                <condition number="48" type="jump" coverage="0%" />
                <condition number="65" type="jump" coverage="0%" />
                <condition number="84" type="jump" coverage="0%" />
                <condition number="101" type="jump" coverage="0%" />
              </conditions>
            </line>
            <line number="43" hits="0" branch="False" />
            <line number="44" hits="0" branch="False" />
            <line number="45" hits="0" branch="False" />
            <line number="46" hits="0" branch="False" />
            <line number="47" hits="0" branch="False" />
            <line number="48" hits="0" branch="False" />
            <line number="50" hits="0" branch="False" />
            <line number="51" hits="0" branch="False" />
            <line number="30" hits="0" branch="False" />
            <line number="31" hits="0" branch="False" />
            <line number="32" hits="0" branch="False" />
            <line number="33" hits="0" branch="False" />
          </lines>
        </class>
        <class name="Serilog.Sinks.SentrySDK.SentrySdkWrapper" filename="Serilog.Sinks.SentrySDK\SentrySink.cs" line-rate="0" branch-rate="1" complexity="4">
          <methods>
            <method name="CaptureMessage" signature="(System.String,Sentry.SentryLevel)" line-rate="0" branch-rate="1" complexity="1">
              <lines>
                <line number="56" hits="0" branch="False" />
                <line number="57" hits="0" branch="False" />
                <line number="58" hits="0" branch="False" />
              </lines>
            </method>
            <method name="CaptureException" signature="(System.Exception)" line-rate="0" branch-rate="1" complexity="1">
              <lines>
                <line number="62" hits="0" branch="False" />
                <line number="63" hits="0" branch="False" />
                <line number="64" hits="0" branch="False" />
              </lines>
            </method>
            <method name="StartTransaction" signature="(System.String,System.String)" line-rate="0" branch-rate="1" complexity="1">
              <lines>
                <line number="68" hits="0" branch="False" />
                <line number="69" hits="0" branch="False" />
                <line number="70" hits="0" branch="False" />
              </lines>
            </method>
            <method name=".ctor" signature="()" line-rate="0" branch-rate="1" complexity="1">
              <lines>
                <line number="51" hits="0" branch="False" />
                <line number="52" hits="0" branch="False" />
                <line number="53" hits="0" branch="False" />
              </lines>
            </method>
          </methods>
          <lines>
            <line number="56" hits="0" branch="False" />
            <line number="57" hits="0" branch="False" />
            <line number="58" hits="0" branch="False" />
            <line number="62" hits="0" branch="False" />
            <line number="63" hits="0" branch="False" />
            <line number="64" hits="0" branch="False" />
            <line number="68" hits="0" branch="False" />
            <line number="69" hits="0" branch="False" />
            <line number="70" hits="0" branch="False" />
            <line number="51" hits="0" branch="False" />
            <line number="52" hits="0" branch="False" />
            <line number="53" hits="0" branch="False" />
          </lines>
        </class>
        <class name="Serilog.Sinks.SentrySDK.TransactionService" filename="Serilog.Sinks.SentrySDK\SentrySink.cs" line-rate="0" branch-rate="1" complexity="1">
          <methods>
            <method name="StartChild" signature="(Sentry.ITransactionTracer,System.String,System.String)" line-rate="0" branch-rate="1" complexity="1">
              <lines>
                <line number="97" hits="0" branch="False" />
                <line number="98" hits="0" branch="False" />
                <line number="99" hits="0" branch="False" />
              </lines>
            </method>
          </methods>
          <lines>
            <line number="97" hits="0" branch="False" />
            <line number="98" hits="0" branch="False" />
            <line number="99" hits="0" branch="False" />
          </lines>
        </class>
        <class name="Serilog.Sinks.SentrySDK.SentrySink" filename="Serilog.Sinks.SentrySDK\SentrySink.cs" line-rate="0" branch-rate="0" complexity="162">
          <methods>
            <method name="Emit" signature="(Serilog.Events.LogEvent)" line-rate="0" branch-rate="0" complexity="36">
              <lines>
                <line number="323" hits="0" branch="False" />
                <line number="324" hits="0" branch="True" condition-coverage="0% (0/2)">
                  <conditions>
                    <condition number="32" type="jump" coverage="0%" />
                  </conditions>
                </line>
                <line number="325" hits="0" branch="False" />
                <line number="326" hits="0" branch="False" />
                <line number="329" hits="0" branch="True" condition-coverage="0% (0/6)">
                  <conditions>
                    <condition number="46" type="jump" coverage="0%" />
                    <condition number="76" type="jump" coverage="0%" />
                    <condition number="102" type="jump" coverage="0%" />
                  </conditions>
                </line>
                <line number="330" hits="0" branch="False" />
                <line number="331" hits="0" branch="False" />
                <line number="333" hits="0" branch="False" />
                <line number="334" hits="0" branch="True" condition-coverage="0% (0/2)">
                  <conditions>
                    <condition number="138" type="jump" coverage="0%" />
                  </conditions>
                </line>
                <line number="335" hits="0" branch="False" />
                <line number="336" hits="0" branch="False" />
                <line number="337" hits="0" branch="False" />
                <line number="340" hits="0" branch="False" />
                <line number="341" hits="0" branch="False" />
                <line number="342" hits="0" branch="False" />
                <line number="343" hits="0" branch="False" />
                <line number="346" hits="0" branch="False" />
                <line number="347" hits="0" branch="False" />
                <line number="348" hits="0" branch="False" />
                <line number="349" hits="0" branch="False" />
                <line number="350" hits="0" branch="False" />
                <line number="351" hits="0" branch="False" />
                <line number="352" hits="0" branch="False" />
                <line number="353" hits="0" branch="True" condition-coverage="0% (0/4)">
                  <conditions>
                    <condition number="51" type="jump" coverage="0%" />
                    <condition number="118" type="jump" coverage="0%" />
                  </conditions>
                </line>
                <line number="354" hits="0" branch="True" condition-coverage="0% (0/2)">
                  <conditions>
                    <condition number="24" type="jump" coverage="0%" />
                  </conditions>
                </line>
                <line number="355" hits="0" branch="True" condition-coverage="0% (0/2)">
                  <conditions>
                    <condition number="172" type="jump" coverage="0%" />
                  </conditions>
                </line>
                <line number="356" hits="0" branch="False" />
                <line number="357" hits="0" branch="False" />
                <line number="358" hits="0" branch="False" />
                <line number="359" hits="0" branch="False" />
                <line number="360" hits="0" branch="True" condition-coverage="0% (0/2)">
                  <conditions>
                    <condition number="240" type="jump" coverage="0%" />
                  </conditions>
                </line>
                <line number="361" hits="0" branch="False" />
                <line number="362" hits="0" branch="False" />
                <line number="363" hits="0" branch="False" />
                <line number="364" hits="0" branch="False" />
                <line number="365" hits="0" branch="False" />
                <line number="366" hits="0" branch="False" />
                <line number="367" hits="0" branch="True" condition-coverage="0% (0/2)">
                  <conditions>
                    <condition number="417" type="jump" coverage="0%" />
                  </conditions>
                </line>
                <line number="368" hits="0" branch="False" />
                <line number="369" hits="0" branch="False" />
                <line number="370" hits="0" branch="True" condition-coverage="0% (0/4)">
                  <conditions>
                    <condition number="468" type="jump" coverage="0%" />
                    <condition number="506" type="jump" coverage="0%" />
                  </conditions>
                </line>
                <line number="371" hits="0" branch="False" />
                <line number="372" hits="0" branch="False" />
                <line number="373" hits="0" branch="False" />
                <line number="374" hits="0" branch="False" />
                <line number="375" hits="0" branch="False" />
                <line number="376" hits="0" branch="False" />
                <line number="377" hits="0" branch="False" />
                <line number="378" hits="0" branch="False" />
                <line number="379" hits="0" branch="False" />
                <line number="380" hits="0" branch="False" />
                <line number="381" hits="0" branch="False" />
                <line number="382" hits="0" branch="False" />
                <line number="383" hits="0" branch="False" />
                <line number="384" hits="0" branch="False" />
                <line number="385" hits="0" branch="False" />
                <line number="386" hits="0" branch="False" />
                <line number="387" hits="0" branch="False" />
                <line number="388" hits="0" branch="False" />
                <line number="389" hits="0" branch="False" />
                <line number="390" hits="0" branch="False" />
                <line number="391" hits="0" branch="False" />
                <line number="392" hits="0" branch="False" />
                <line number="393" hits="0" branch="False" />
                <line number="394" hits="0" branch="False" />
                <line number="395" hits="0" branch="False" />
                <line number="396" hits="0" branch="True" condition-coverage="0% (0/2)">
                  <conditions>
                    <condition number="871" type="jump" coverage="0%" />
                  </conditions>
                </line>
                <line number="397" hits="0" branch="False" />
                <line number="398" hits="0" branch="False" />
                <line number="399" hits="0" branch="False" />
                <line number="400" hits="0" branch="False" />
                <line number="401" hits="0" branch="False" />
                <line number="402" hits="0" branch="False" />
                <line number="403" hits="0" branch="False" />
                <line number="404" hits="0" branch="False" />
                <line number="405" hits="0" branch="False" />
                <line number="406" hits="0" branch="False" />
                <line number="407" hits="0" branch="False" />
                <line number="408" hits="0" branch="False" />
                <line number="409" hits="0" branch="False" />
                <line number="410" hits="0" branch="False" />
                <line number="411" hits="0" branch="False" />
                <line number="412" hits="0" branch="False" />
                <line number="413" hits="0" branch="False" />
                <line number="414" hits="0" branch="False" />
                <line number="415" hits="0" branch="False" />
                <line number="416" hits="0" branch="False" />
                <line number="417" hits="0" branch="False" />
                <line number="418" hits="0" branch="False" />
                <line number="419" hits="0" branch="False" />
                <line number="420" hits="0" branch="False" />
                <line number="421" hits="0" branch="False" />
                <line number="422" hits="0" branch="False" />
                <line number="423" hits="0" branch="False" />
                <line number="424" hits="0" branch="False" />
                <line number="425" hits="0" branch="False" />
                <line number="426" hits="0" branch="False" />
                <line number="427" hits="0" branch="False" />
                <line number="428" hits="0" branch="False" />
                <line number="429" hits="0" branch="False" />
                <line number="430" hits="0" branch="False" />
                <line number="431" hits="0" branch="False" />
                <line number="432" hits="0" branch="False" />
                <line number="433" hits="0" branch="False" />
                <line number="434" hits="0" branch="True" condition-coverage="0% (0/2)">
                  <conditions>
                    <condition number="1233" type="jump" coverage="0%" />
                  </conditions>
                </line>
                <line number="435" hits="0" branch="False" />
                <line number="436" hits="0" branch="False" />
                <line number="437" hits="0" branch="False" />
                <line number="438" hits="0" branch="False" />
                <line number="439" hits="0" branch="False" />
                <line number="440" hits="0" branch="False" />
                <line number="441" hits="0" branch="False" />
                <line number="442" hits="0" branch="False" />
                <line number="443" hits="0" branch="False" />
                <line number="444" hits="0" branch="False" />
                <line number="445" hits="0" branch="False" />
                <line number="446" hits="0" branch="False" />
                <line number="447" hits="0" branch="False" />
                <line number="449" hits="0" branch="False" />
                <line number="450" hits="0" branch="True" condition-coverage="0% (0/4)">
                  <conditions>
                    <condition number="299" type="jump" coverage="0%" />
                    <condition number="331" type="jump" coverage="0%" />
                  </conditions>
                </line>
                <line number="451" hits="0" branch="False" />
                <line number="452" hits="0" branch="False" />
                <line number="453" hits="0" branch="False" />
                <line number="455" hits="0" branch="False" />
                <line number="456" hits="0" branch="True" condition-coverage="0% (0/2)">
                  <conditions>
                    <condition number="359" type="jump" coverage="0%" />
                  </conditions>
                </line>
                <line number="457" hits="0" branch="False" />
                <line number="458" hits="0" branch="False" />
                <line number="459" hits="0" branch="False" />
              </lines>
            </method>
            <method name="EmitWithoutTracing" signature="(Serilog.Events.LogEvent,Sentry.SentryLevel)" line-rate="0" branch-rate="0" complexity="18">
              <lines>
                <line number="465" hits="0" branch="False" />
                <line number="466" hits="0" branch="False" />
                <line number="467" hits="0" branch="False" />
                <line number="468" hits="0" branch="False" />
                <line number="469" hits="0" branch="False" />
                <line number="470" hits="0" branch="False" />
                <line number="471" hits="0" branch="True" condition-coverage="0% (0/4)">
                  <conditions>
                    <condition number="38" type="jump" coverage="0%" />
                    <condition number="105" type="jump" coverage="0%" />
                  </conditions>
                </line>
                <line number="472" hits="0" branch="True" condition-coverage="0% (0/2)">
                  <conditions>
                    <condition number="24" type="jump" coverage="0%" />
                  </conditions>
                </line>
                <line number="473" hits="0" branch="True" condition-coverage="0% (0/2)">
                  <conditions>
                    <condition number="159" type="jump" coverage="0%" />
                  </conditions>
                </line>
                <line number="474" hits="0" branch="False" />
                <line number="475" hits="0" branch="False" />
                <line number="476" hits="0" branch="False" />
                <line number="477" hits="0" branch="False" />
                <line number="478" hits="0" branch="True" condition-coverage="0% (0/2)">
                  <conditions>
                    <condition number="227" type="jump" coverage="0%" />
                  </conditions>
                </line>
                <line number="479" hits="0" branch="False" />
                <line number="480" hits="0" branch="False" />
                <line number="481" hits="0" branch="False" />
                <line number="482" hits="0" branch="False" />
                <line number="483" hits="0" branch="False" />
                <line number="484" hits="0" branch="False" />
                <line number="485" hits="0" branch="True" condition-coverage="0% (0/2)">
                  <conditions>
                    <condition number="404" type="jump" coverage="0%" />
                  </conditions>
                </line>
                <line number="486" hits="0" branch="False" />
                <line number="487" hits="0" branch="True" condition-coverage="0% (0/4)">
                  <conditions>
                    <condition number="455" type="jump" coverage="0%" />
                    <condition number="491" type="jump" coverage="0%" />
                  </conditions>
                </line>
                <line number="488" hits="0" branch="False" />
                <line number="489" hits="0" branch="False" />
                <line number="490" hits="0" branch="False" />
                <line number="491" hits="0" branch="False" />
                <line number="492" hits="0" branch="False" />
                <line number="493" hits="0" branch="False" />
                <line number="494" hits="0" branch="False" />
                <line number="495" hits="0" branch="False" />
                <line number="496" hits="0" branch="False" />
                <line number="497" hits="0" branch="False" />
                <line number="498" hits="0" branch="False" />
                <line number="499" hits="0" branch="False" />
                <line number="500" hits="0" branch="False" />
                <line number="501" hits="0" branch="False" />
                <line number="502" hits="0" branch="True" condition-coverage="0% (0/2)">
                  <conditions>
                    <condition number="716" type="jump" coverage="0%" />
                  </conditions>
                </line>
                <line number="503" hits="0" branch="False" />
                <line number="504" hits="0" branch="False" />
                <line number="505" hits="0" branch="False" />
                <line number="506" hits="0" branch="False" />
                <line number="507" hits="0" branch="False" />
                <line number="508" hits="0" branch="False" />
                <line number="509" hits="0" branch="False" />
                <line number="510" hits="0" branch="False" />
                <line number="511" hits="0" branch="False" />
                <line number="512" hits="0" branch="False" />
                <line number="513" hits="0" branch="False" />
              </lines>
            </method>
            <method name="GetBreadcrumbLevel" signature="(Serilog.Events.LogEvent)" line-rate="0" branch-rate="0" complexity="9">
              <lines>
                <line number="521" hits="0" branch="False" />
                <line number="522" hits="0" branch="True" condition-coverage="0% (0/2)">
                  <conditions>
                    <condition number="7" type="jump" coverage="0%" />
                  </conditions>
                </line>
                <line number="523" hits="0" branch="False" />
                <line number="524" hits="0" branch="False" />
                <line number="527" hits="0" branch="True" condition-coverage="0% (0/7)">
                  <conditions>
                    <condition number="26" type="switch" coverage="0%" />
                  </conditions>
                </line>
                <line number="528" hits="0" branch="False" />
                <line number="529" hits="0" branch="False" />
                <line number="530" hits="0" branch="False" />
                <line number="531" hits="0" branch="False" />
                <line number="532" hits="0" branch="False" />
                <line number="533" hits="0" branch="False" />
                <line number="534" hits="0" branch="False" />
                <line number="535" hits="0" branch="False" />
                <line number="536" hits="0" branch="False" />
                <line number="537" hits="0" branch="False" />
              </lines>
            </method>
            <method name="GetSentryLevel" signature="(Serilog.Events.LogEvent)" line-rate="0" branch-rate="0" complexity="9">
              <lines>
                <line number="545" hits="0" branch="False" />
                <line number="546" hits="0" branch="True" condition-coverage="0% (0/2)">
                  <conditions>
                    <condition number="7" type="jump" coverage="0%" />
                  </conditions>
                </line>
                <line number="547" hits="0" branch="False" />
                <line number="548" hits="0" branch="False" />
                <line number="551" hits="0" branch="True" condition-coverage="0% (0/7)">
                  <conditions>
                    <condition number="26" type="switch" coverage="0%" />
                  </conditions>
                </line>
                <line number="552" hits="0" branch="False" />
                <line number="553" hits="0" branch="False" />
                <line number="554" hits="0" branch="False" />
                <line number="555" hits="0" branch="False" />
                <line number="556" hits="0" branch="False" />
                <line number="557" hits="0" branch="False" />
                <line number="558" hits="0" branch="False" />
                <line number="559" hits="0" branch="False" />
                <line number="560" hits="0" branch="False" />
                <line number="561" hits="0" branch="False" />
              </lines>
            </method>
            <method name="ExceptionDataToScopeExtrasDictionary" signature="(System.Collections.IDictionary)" line-rate="0" branch-rate="0" complexity="8">
              <lines>
                <line number="564" hits="0" branch="False" />
                <line number="565" hits="0" branch="False" />
                <line number="566" hits="0" branch="True" condition-coverage="0% (0/2)">
                  <conditions>
                    <condition number="13" type="jump" coverage="0%" />
                  </conditions>
                </line>
                <line number="567" hits="0" branch="False" />
                <line number="568" hits="0" branch="False" />
                <line number="571" hits="0" branch="True" condition-coverage="0% (0/2)">
                  <conditions>
                    <condition number="104" type="jump" coverage="0%" />
                  </conditions>
                </line>
                <line number="572" hits="0" branch="False" />
                <line number="573" hits="0" branch="True" condition-coverage="0% (0/2)">
                  <conditions>
                    <condition number="52" type="jump" coverage="0%" />
                  </conditions>
                </line>
                <line number="574" hits="0" branch="True" condition-coverage="0% (0/2)">
                  <conditions>
                    <condition number="76" type="jump" coverage="0%" />
                  </conditions>
                </line>
                <line number="575" hits="0" branch="False" />
                <line number="576" hits="0" branch="False" />
                <line number="579" hits="0" branch="False" />
                <line number="580" hits="0" branch="False" />
                <line number="582" hits="0" branch="False" />
                <line number="583" hits="0" branch="False" />
              </lines>
            </method>
            <method name="RenderPropertyValuesToStringDictionary" signature="(System.Collections.Generic.IEnumerable`1&lt;System.Collections.Generic.KeyValuePair`2&lt;System.String,Serilog.Events.LogEventPropertyValue&gt;&gt;,System.IFormatProvider)" line-rate="0" branch-rate="0" complexity="4">
              <lines>
                <line number="588" hits="0" branch="False" />
                <line number="589" hits="0" branch="False" />
                <line number="590" hits="0" branch="True" condition-coverage="0% (0/2)">
                  <conditions>
                    <condition number="68" type="jump" coverage="0%" />
                  </conditions>
                </line>
                <line number="591" hits="0" branch="False" />
                <line number="592" hits="0" branch="True" condition-coverage="0% (0/2)">
                  <conditions>
                    <condition number="47" type="jump" coverage="0%" />
                  </conditions>
                </line>
                <line number="593" hits="0" branch="False" />
                <line number="595" hits="0" branch="False" />
                <line number="596" hits="0" branch="False" />
              </lines>
            </method>
            <method name="ExceptionDataToStringDictionary" signature="(System.Collections.IDictionary)" line-rate="0" branch-rate="0" complexity="10">
              <lines>
                <line number="599" hits="0" branch="False" />
                <line number="600" hits="0" branch="False" />
                <line number="601" hits="0" branch="True" condition-coverage="0% (0/2)">
                  <conditions>
                    <condition number="108" type="jump" coverage="0%" />
                  </conditions>
                </line>
                <line number="602" hits="0" branch="False" />
                <line number="603" hits="0" branch="True" condition-coverage="0% (0/2)">
                  <conditions>
                    <condition number="38" type="jump" coverage="0%" />
                  </conditions>
                </line>
                <line number="604" hits="0" branch="True" condition-coverage="0% (0/2)">
                  <conditions>
                    <condition number="60" type="jump" coverage="0%" />
                  </conditions>
                </line>
                <line number="605" hits="0" branch="False" />
                <line number="606" hits="0" branch="False" />
                <line number="609" hits="0" branch="True" condition-coverage="0% (0/4)">
                  <conditions>
                    <condition number="75" type="jump" coverage="0%" />
                    <condition number="87" type="jump" coverage="0%" />
                  </conditions>
                </line>
                <line number="610" hits="0" branch="False" />
                <line number="612" hits="0" branch="False" />
                <line number="613" hits="0" branch="False" />
              </lines>
            </method>
            <method name="SpanTagsToStringDictionary" signature="(System.Collections.Generic.IReadOnlyDictionary`2&lt;System.String,System.String&gt;)" line-rate="0" branch-rate="0" complexity="6">
              <lines>
                <line number="616" hits="0" branch="False" />
                <line number="617" hits="0" branch="False" />
                <line number="618" hits="0" branch="True" condition-coverage="0% (0/2)">
                  <conditions>
                    <condition number="13" type="jump" coverage="0%" />
                  </conditions>
                </line>
                <line number="619" hits="0" branch="False" />
                <line number="620" hits="0" branch="False" />
                <line number="623" hits="0" branch="True" condition-coverage="0% (0/2)">
                  <conditions>
                    <condition number="76" type="jump" coverage="0%" />
                  </conditions>
                </line>
                <line number="624" hits="0" branch="False" />
                <line number="625" hits="0" branch="True" condition-coverage="0% (0/2)">
                  <conditions>
                    <condition number="55" type="jump" coverage="0%" />
                  </conditions>
                </line>
                <line number="626" hits="0" branch="False" />
                <line number="628" hits="0" branch="False" />
                <line number="629" hits="0" branch="False" />
              </lines>
            </method>
            <method name="Render" signature="(Serilog.Events.LogEventPropertyValue,System.IFormatProvider)" line-rate="0" branch-rate="0" complexity="6">
              <lines>
                <line number="638" hits="0" branch="False" />
                <line number="639" hits="0" branch="True" condition-coverage="0% (0/4)">
                  <conditions>
                    <condition number="9" type="jump" coverage="0%" />
                    <condition number="32" type="jump" coverage="0%" />
                  </conditions>
                </line>
                <line number="640" hits="0" branch="False" />
                <line number="642" hits="0" branch="False" />
                <line number="645" hits="0" branch="True" condition-coverage="0% (0/2)">
                  <conditions>
                    <condition number="40" type="jump" coverage="0%" />
                  </conditions>
                </line>
                <line number="646" hits="0" branch="False" />
              </lines>
            </method>
            <method name="Dispose" signature="()" line-rate="0" branch-rate="0" complexity="2">
              <lines>
                <line number="652" hits="0" branch="False" />
                <line number="653" hits="0" branch="True" condition-coverage="0% (0/2)">
                  <conditions>
                    <condition number="8" type="jump" coverage="0%" />
                  </conditions>
                </line>
                <line number="654" hits="0" branch="False" />
              </lines>
            </method>
            <method name=".ctor" signature="(System.IFormatProvider,Serilog.Sinks.SentrySDK.ISentrySdkWrapper,System.String,System.String,System.Boolean,System.Int32,System.Int32,System.Boolean,System.String,System.String,System.String,System.String,System.String,System.String,System.String,System.Single,System.Boolean,System.Boolean,System.Boolean,Serilog.Sinks.SentrySDK.ITransactionService,System.Double,System.String,System.Boolean,System.Double,System.Int32,System.String,System.Action`1&lt;Sentry.SentryOptions&gt;,System.Func`3&lt;Sentry.SentryEvent,Sentry.SentryHint,Sentry.SentryEvent&gt;)" line-rate="0" branch-rate="0" complexity="54">
              <lines>
                <line number="150" hits="0" branch="False" />
                <line number="151" hits="0" branch="False" />
                <line number="152" hits="0" branch="False" />
                <line number="153" hits="0" branch="False" />
                <line number="154" hits="0" branch="False" />
                <line number="155" hits="0" branch="False" />
                <line number="156" hits="0" branch="False" />
                <line number="157" hits="0" branch="False" />
                <line number="158" hits="0" branch="False" />
                <line number="159" hits="0" branch="False" />
                <line number="160" hits="0" branch="False" />
                <line number="161" hits="0" branch="False" />
                <line number="162" hits="0" branch="False" />
                <line number="163" hits="0" branch="False" />
                <line number="164" hits="0" branch="False" />
                <line number="165" hits="0" branch="False" />
                <line number="166" hits="0" branch="False" />
                <line number="167" hits="0" branch="False" />
                <line number="168" hits="0" branch="False" />
                <line number="169" hits="0" branch="False" />
                <line number="170" hits="0" branch="False" />
                <line number="171" hits="0" branch="False" />
                <line number="172" hits="0" branch="False" />
                <line number="173" hits="0" branch="False" />
                <line number="174" hits="0" branch="False" />
                <line number="175" hits="0" branch="False" />
                <line number="176" hits="0" branch="False" />
                <line number="177" hits="0" branch="False" />
                <line number="178" hits="0" branch="False" />
                <line number="179" hits="0" branch="False" />
                <line number="180" hits="0" branch="False" />
                <line number="181" hits="0" branch="False" />
                <line number="182" hits="0" branch="True" condition-coverage="0% (0/2)">
                  <conditions>
                    <condition number="59" type="jump" coverage="0%" />
                  </conditions>
                </line>
                <line number="183" hits="0" branch="True" condition-coverage="0% (0/2)">
                  <conditions>
                    <condition number="129" type="jump" coverage="0%" />
                  </conditions>
                </line>
                <line number="184" hits="0" branch="True" condition-coverage="0% (0/2)">
                  <conditions>
                    <condition number="146" type="jump" coverage="0%" />
                  </conditions>
                </line>
                <line number="185" hits="0" branch="False" />
                <line number="186" hits="0" branch="True" condition-coverage="0% (0/2)">
                  <conditions>
                    <condition number="175" type="jump" coverage="0%" />
                  </conditions>
                </line>
                <line number="187" hits="0" branch="False" />
                <line number="189" hits="0" branch="False" />
                <line number="191" hits="0" branch="True" condition-coverage="0% (0/2)">
                  <conditions>
                    <condition number="201" type="jump" coverage="0%" />
                  </conditions>
                </line>
                <line number="192" hits="0" branch="False" />
                <line number="193" hits="0" branch="False" />
                <line number="194" hits="0" branch="False" />
                <line number="196" hits="0" branch="False" />
                <line number="197" hits="0" branch="False" />
                <line number="198" hits="0" branch="False" />
                <line number="200" hits="0" branch="False" />
                <line number="202" hits="0" branch="True" condition-coverage="0% (0/4)">
                  <conditions>
                    <condition number="359" type="jump" coverage="0%" />
                    <condition number="376" type="jump" coverage="0%" />
                  </conditions>
                </line>
                <line number="203" hits="0" branch="False" />
                <line number="204" hits="0" branch="False" />
                <line number="205" hits="0" branch="False" />
                <line number="206" hits="0" branch="False" />
                <line number="207" hits="0" branch="False" />
                <line number="208" hits="0" branch="False" />
                <line number="209" hits="0" branch="False" />
                <line number="210" hits="0" branch="False" />
                <line number="211" hits="0" branch="False" />
                <line number="212" hits="0" branch="False" />
                <line number="213" hits="0" branch="False" />
                <line number="214" hits="0" branch="False" />
                <line number="215" hits="0" branch="False" />
                <line number="216" hits="0" branch="False" />
                <line number="217" hits="0" branch="False" />
                <line number="218" hits="0" branch="False" />
                <line number="219" hits="0" branch="False" />
                <line number="220" hits="0" branch="False" />
                <line number="221" hits="0" branch="False" />
                <line number="222" hits="0" branch="True" condition-coverage="0% (0/2)">
                  <conditions>
                    <condition number="463" type="jump" coverage="0%" />
                  </conditions>
                </line>
                <line number="223" hits="0" branch="False" />
                <line number="224" hits="0" branch="False" />
                <line number="225" hits="0" branch="False" />
                <line number="227" hits="0" branch="True" condition-coverage="0% (0/2)">
                  <conditions>
                    <condition number="483" type="jump" coverage="0%" />
                  </conditions>
                </line>
                <line number="228" hits="0" branch="True" condition-coverage="0% (0/2)">
                  <conditions>
                    <condition number="510" type="jump" coverage="0%" />
                  </conditions>
                </line>
                <line number="229" hits="0" branch="False" />
                <line number="230" hits="0" branch="False" />
                <line number="231" hits="0" branch="False" />
                <line number="233" hits="0" branch="False" />
                <line number="234" hits="0" branch="False" />
                <line number="235" hits="0" branch="False" />
                <line number="236" hits="0" branch="True" condition-coverage="0% (0/2)">
                  <conditions>
                    <condition number="4" type="jump" coverage="0%" />
                  </conditions>
                </line>
                <line number="237" hits="0" branch="True" condition-coverage="0% (0/4)">
                  <conditions>
                    <condition number="17" type="jump" coverage="0%" />
                    <condition number="40" type="jump" coverage="0%" />
                  </conditions>
                </line>
                <line number="238" hits="0" branch="False" />
                <line number="239" hits="0" branch="False" />
                <line number="240" hits="0" branch="False" />
                <line number="241" hits="0" branch="False" />
                <line number="242" hits="0" branch="False" />
                <line number="243" hits="0" branch="False" />
                <line number="244" hits="0" branch="True" condition-coverage="0% (0/2)">
                  <conditions>
                    <condition number="252" type="jump" coverage="0%" />
                  </conditions>
                </line>
                <line number="245" hits="0" branch="False" />
                <line number="246" hits="0" branch="True" condition-coverage="0% (0/2)">
                  <conditions>
                    <condition number="108" type="jump" coverage="0%" />
                  </conditions>
                </line>
                <line number="247" hits="0" branch="True" condition-coverage="0% (0/2)">
                  <conditions>
                    <condition number="132" type="jump" coverage="0%" />
                  </conditions>
                </line>
                <line number="248" hits="0" branch="False" />
                <line number="249" hits="0" branch="False" />
                <line number="250" hits="0" branch="False" />
                <line number="251" hits="0" branch="False" />
                <line number="252" hits="0" branch="True" condition-coverage="0% (0/2)">
                  <conditions>
                    <condition number="153" type="jump" coverage="0%" />
                  </conditions>
                </line>
                <line number="253" hits="0" branch="False" />
                <line number="254" hits="0" branch="True" condition-coverage="0% (0/4)">
                  <conditions>
                    <condition number="176" type="jump" coverage="0%" />
                    <condition number="188" type="jump" coverage="0%" />
                  </conditions>
                </line>
                <line number="255" hits="0" branch="False" />
                <line number="256" hits="0" branch="False" />
                <line number="257" hits="0" branch="False" />
                <line number="258" hits="0" branch="True" condition-coverage="0% (0/4)">
                  <conditions>
                    <condition number="217" type="jump" coverage="0%" />
                    <condition number="229" type="jump" coverage="0%" />
                  </conditions>
                </line>
                <line number="259" hits="0" branch="False" />
                <line number="260" hits="0" branch="False" />
                <line number="261" hits="0" branch="False" />
                <line number="262" hits="0" branch="False" />
                <line number="263" hits="0" branch="False" />
                <line number="264" hits="0" branch="True" condition-coverage="0% (0/2)">
                  <conditions>
                    <condition number="297" type="jump" coverage="0%" />
                  </conditions>
                </line>
                <line number="265" hits="0" branch="False" />
                <line number="266" hits="0" branch="True" condition-coverage="0% (0/2)">
                  <conditions>
                    <condition number="301" type="jump" coverage="0%" />
                  </conditions>
                </line>
                <line number="267" hits="0" branch="False" />
                <line number="268" hits="0" branch="False" />
                <line number="269" hits="0" branch="False" />
                <line number="270" hits="0" branch="False" />
                <line number="271" hits="0" branch="False" />
                <line number="273" hits="0" branch="False" />
                <line number="275" hits="0" branch="False" />
                <line number="277" hits="0" branch="False" />
                <line number="278" hits="0" branch="False" />
                <line number="279" hits="0" branch="False" />
                <line number="280" hits="0" branch="False" />
                <line number="281" hits="0" branch="True" condition-coverage="0% (0/2)">
                  <conditions>
                    <condition number="17" type="jump" coverage="0%" />
                  </conditions>
                </line>
                <line number="282" hits="0" branch="False" />
                <line number="283" hits="0" branch="False" />
                <line number="284" hits="0" branch="False" />
                <line number="285" hits="0" branch="False" />
                <line number="286" hits="0" branch="False" />
                <line number="287" hits="0" branch="True" condition-coverage="0% (0/2)">
                  <conditions>
                    <condition number="56" type="jump" coverage="0%" />
                  </conditions>
                </line>
                <line number="288" hits="0" branch="False" />
                <line number="289" hits="0" branch="False" />
                <line number="290" hits="0" branch="False" />
                <line number="291" hits="0" branch="False" />
                <line number="292" hits="0" branch="False" />
                <line number="293" hits="0" branch="False" />
                <line number="294" hits="0" branch="False" />
                <line number="295" hits="0" branch="False" />
                <line number="296" hits="0" branch="True" condition-coverage="0% (0/2)">
                  <conditions>
                    <condition number="241" type="jump" coverage="0%" />
                  </conditions>
                </line>
                <line number="297" hits="0" branch="False" />
                <line number="298" hits="0" branch="False" />
                <line number="299" hits="0" branch="False" />
                <line number="300" hits="0" branch="False" />
                <line number="301" hits="0" branch="False" />
                <line number="302" hits="0" branch="True" condition-coverage="0% (0/2)">
                  <conditions>
                    <condition number="289" type="jump" coverage="0%" />
                  </conditions>
                </line>
                <line number="303" hits="0" branch="False" />
                <line number="304" hits="0" branch="False" />
                <line number="305" hits="0" branch="False" />
                <line number="306" hits="0" branch="False" />
                <line number="308" hits="0" branch="False" />
                <line number="309" hits="0" branch="False" />
                <line number="310" hits="0" branch="False" />
                <line number="311" hits="0" branch="False" />
                <line number="312" hits="0" branch="False" />
                <line number="314" hits="0" branch="False" />
                <line number="316" hits="0" branch="False" />
              </lines>
            </method>
          </methods>
          <lines>
            <line number="323" hits="0" branch="False" />
            <line number="324" hits="0" branch="True" condition-coverage="0% (0/2)">
              <conditions>
                <condition number="32" type="jump" coverage="0%" />
              </conditions>
            </line>
            <line number="325" hits="0" branch="False" />
            <line number="326" hits="0" branch="False" />
            <line number="329" hits="0" branch="True" condition-coverage="0% (0/6)">
              <conditions>
                <condition number="46" type="jump" coverage="0%" />
                <condition number="76" type="jump" coverage="0%" />
                <condition number="102" type="jump" coverage="0%" />
              </conditions>
            </line>
            <line number="330" hits="0" branch="False" />
            <line number="331" hits="0" branch="False" />
            <line number="333" hits="0" branch="False" />
            <line number="334" hits="0" branch="True" condition-coverage="0% (0/2)">
              <conditions>
                <condition number="138" type="jump" coverage="0%" />
              </conditions>
            </line>
            <line number="335" hits="0" branch="False" />
            <line number="336" hits="0" branch="False" />
            <line number="337" hits="0" branch="False" />
            <line number="340" hits="0" branch="False" />
            <line number="341" hits="0" branch="False" />
            <line number="342" hits="0" branch="False" />
            <line number="343" hits="0" branch="False" />
            <line number="346" hits="0" branch="False" />
            <line number="347" hits="0" branch="False" />
            <line number="348" hits="0" branch="False" />
            <line number="349" hits="0" branch="False" />
            <line number="350" hits="0" branch="False" />
            <line number="351" hits="0" branch="False" />
            <line number="352" hits="0" branch="False" />
            <line number="353" hits="0" branch="True" condition-coverage="0% (0/4)">
              <conditions>
                <condition number="51" type="jump" coverage="0%" />
                <condition number="118" type="jump" coverage="0%" />
              </conditions>
            </line>
            <line number="354" hits="0" branch="True" condition-coverage="0% (0/2)">
              <conditions>
                <condition number="24" type="jump" coverage="0%" />
              </conditions>
            </line>
            <line number="355" hits="0" branch="True" condition-coverage="0% (0/2)">
              <conditions>
                <condition number="172" type="jump" coverage="0%" />
              </conditions>
            </line>
            <line number="356" hits="0" branch="False" />
            <line number="357" hits="0" branch="False" />
            <line number="358" hits="0" branch="False" />
            <line number="359" hits="0" branch="False" />
            <line number="360" hits="0" branch="True" condition-coverage="0% (0/2)">
              <conditions>
                <condition number="240" type="jump" coverage="0%" />
              </conditions>
            </line>
            <line number="361" hits="0" branch="False" />
            <line number="362" hits="0" branch="False" />
            <line number="363" hits="0" branch="False" />
            <line number="364" hits="0" branch="False" />
            <line number="365" hits="0" branch="False" />
            <line number="366" hits="0" branch="False" />
            <line number="367" hits="0" branch="True" condition-coverage="0% (0/2)">
              <conditions>
                <condition number="417" type="jump" coverage="0%" />
              </conditions>
            </line>
            <line number="368" hits="0" branch="False" />
            <line number="369" hits="0" branch="False" />
            <line number="370" hits="0" branch="True" condition-coverage="0% (0/4)">
              <conditions>
                <condition number="468" type="jump" coverage="0%" />
                <condition number="506" type="jump" coverage="0%" />
              </conditions>
            </line>
            <line number="371" hits="0" branch="False" />
            <line number="372" hits="0" branch="False" />
            <line number="373" hits="0" branch="False" />
            <line number="374" hits="0" branch="False" />
            <line number="375" hits="0" branch="False" />
            <line number="376" hits="0" branch="False" />
            <line number="377" hits="0" branch="False" />
            <line number="378" hits="0" branch="False" />
            <line number="379" hits="0" branch="False" />
            <line number="380" hits="0" branch="False" />
            <line number="381" hits="0" branch="False" />
            <line number="382" hits="0" branch="False" />
            <line number="383" hits="0" branch="False" />
            <line number="384" hits="0" branch="False" />
            <line number="385" hits="0" branch="False" />
            <line number="386" hits="0" branch="False" />
            <line number="387" hits="0" branch="False" />
            <line number="388" hits="0" branch="False" />
            <line number="389" hits="0" branch="False" />
            <line number="390" hits="0" branch="False" />
            <line number="391" hits="0" branch="False" />
            <line number="392" hits="0" branch="False" />
            <line number="393" hits="0" branch="False" />
            <line number="394" hits="0" branch="False" />
[...]
            <line number="625" hits="0" branch="True" condition-coverage="0% (0/2)">
              <conditions>
                <condition number="55" type="jump" coverage="0%" />
              </conditions>
            </line>
            <line number="626" hits="0" branch="False" />
            <line number="628" hits="0" branch="False" />
            <line number="629" hits="0" branch="False" />
            <line number="638" hits="0" branch="False" />
            <line number="639" hits="0" branch="True" condition-coverage="0% (0/4)">
              <conditions>
                <condition number="9" type="jump" coverage="0%" />
                <condition number="32" type="jump" coverage="0%" />
              </conditions>
            </line>
            <line number="640" hits="0" branch="False" />
            <line number="642" hits="0" branch="False" />
            <line number="645" hits="0" branch="True" condition-coverage="0% (0/2)">
              <conditions>
                <condition number="40" type="jump" coverage="0%" />
              </conditions>
            </line>
            <line number="646" hits="0" branch="False" />
            <line number="652" hits="0" branch="False" />
            <line number="653" hits="0" branch="True" condition-coverage="0% (0/2)">
              <conditions>
                <condition number="8" type="jump" coverage="0%" />
              </conditions>
            </line>
            <line number="654" hits="0" branch="False" />
            <line number="150" hits="0" branch="False" />
            <line number="151" hits="0" branch="False" />
            <line number="152" hits="0" branch="False" />
            <line number="153" hits="0" branch="False" />
            <line number="154" hits="0" branch="False" />
            <line number="155" hits="0" branch="False" />
            <line number="156" hits="0" branch="False" />
            <line number="157" hits="0" branch="False" />
            <line number="158" hits="0" branch="False" />
            <line number="159" hits="0" branch="False" />
            <line number="160" hits="0" branch="False" />
            <line number="161" hits="0" branch="False" />
            <line number="162" hits="0" branch="False" />
            <line number="163" hits="0" branch="False" />
            <line number="164" hits="0" branch="False" />
            <line number="165" hits="0" branch="False" />
            <line number="166" hits="0" branch="False" />
            <line number="167" hits="0" branch="False" />
            <line number="168" hits="0" branch="False" />
            <line number="169" hits="0" branch="False" />
            <line number="170" hits="0" branch="False" />
            <line number="171" hits="0" branch="False" />
            <line number="172" hits="0" branch="False" />
            <line number="173" hits="0" branch="False" />
            <line number="174" hits="0" branch="False" />
            <line number="175" hits="0" branch="False" />
            <line number="176" hits="0" branch="False" />
            <line number="177" hits="0" branch="False" />
            <line number="178" hits="0" branch="False" />
            <line number="179" hits="0" branch="False" />
            <line number="180" hits="0" branch="False" />
            <line number="181" hits="0" branch="False" />
            <line number="182" hits="0" branch="True" condition-coverage="0% (0/2)">
              <conditions>
                <condition number="59" type="jump" coverage="0%" />
              </conditions>
            </line>
            <line number="183" hits="0" branch="True" condition-coverage="0% (0/2)">
              <conditions>
                <condition number="129" type="jump" coverage="0%" />
              </conditions>
            </line>
            <line number="184" hits="0" branch="True" condition-coverage="0% (0/2)">
              <conditions>
                <condition number="146" type="jump" coverage="0%" />
              </conditions>
            </line>
            <line number="185" hits="0" branch="False" />
            <line number="186" hits="0" branch="True" condition-coverage="0% (0/2)">
              <conditions>
                <condition number="175" type="jump" coverage="0%" />
              </conditions>
            </line>
            <line number="187" hits="0" branch="False" />
            <line number="189" hits="0" branch="False" />
            <line number="191" hits="0" branch="True" condition-coverage="0% (0/2)">
              <conditions>
                <condition number="201" type="jump" coverage="0%" />
              </conditions>
            </line>
            <line number="192" hits="0" branch="False" />
            <line number="193" hits="0" branch="False" />
            <line number="194" hits="0" branch="False" />
            <line number="196" hits="0" branch="False" />
            <line number="197" hits="0" branch="False" />
            <line number="198" hits="0" branch="False" />
            <line number="200" hits="0" branch="False" />
            <line number="202" hits="0" branch="True" condition-coverage="0% (0/4)">
              <conditions>
                <condition number="359" type="jump" coverage="0%" />
                <condition number="376" type="jump" coverage="0%" />
              </conditions>
            </line>
            <line number="203" hits="0" branch="False" />
            <line number="204" hits="0" branch="False" />
            <line number="205" hits="0" branch="False" />
            <line number="206" hits="0" branch="False" />
            <line number="207" hits="0" branch="False" />
            <line number="208" hits="0" branch="False" />
            <line number="209" hits="0" branch="False" />
            <line number="210" hits="0" branch="False" />
            <line number="211" hits="0" branch="False" />
            <line number="212" hits="0" branch="False" />
            <line number="213" hits="0" branch="False" />
            <line number="214" hits="0" branch="False" />
            <line number="215" hits="0" branch="False" />
            <line number="216" hits="0" branch="False" />
            <line number="217" hits="0" branch="False" />
            <line number="218" hits="0" branch="False" />
            <line number="219" hits="0" branch="False" />
            <line number="220" hits="0" branch="False" />
            <line number="221" hits="0" branch="False" />
            <line number="222" hits="0" branch="True" condition-coverage="0% (0/2)">
              <conditions>
                <condition number="463" type="jump" coverage="0%" />
              </conditions>
            </line>
            <line number="223" hits="0" branch="False" />
            <line number="224" hits="0" branch="False" />
            <line number="225" hits="0" branch="False" />
            <line number="227" hits="0" branch="True" condition-coverage="0% (0/2)">
              <conditions>
                <condition number="483" type="jump" coverage="0%" />
              </conditions>
            </line>
            <line number="228" hits="0" branch="True" condition-coverage="0% (0/2)">
              <conditions>
                <condition number="510" type="jump" coverage="0%" />
              </conditions>
            </line>
            <line number="229" hits="0" branch="False" />
            <line number="230" hits="0" branch="False" />
            <line number="231" hits="0" branch="False" />
            <line number="233" hits="0" branch="False" />
            <line number="234" hits="0" branch="False" />
            <line number="235" hits="0" branch="False" />
            <line number="236" hits="0" branch="True" condition-coverage="0% (0/2)">
              <conditions>
                <condition number="4" type="jump" coverage="0%" />
              </conditions>
            </line>
            <line number="237" hits="0" branch="True" condition-coverage="0% (0/4)">
              <conditions>
                <condition number="17" type="jump" coverage="0%" />
                <condition number="40" type="jump" coverage="0%" />
              </conditions>
            </line>
            <line number="238" hits="0" branch="False" />
            <line number="239" hits="0" branch="False" />
            <line number="240" hits="0" branch="False" />
            <line number="241" hits="0" branch="False" />
            <line number="242" hits="0" branch="False" />
            <line number="243" hits="0" branch="False" />
            <line number="244" hits="0" branch="True" condition-coverage="0% (0/2)">
              <conditions>
                <condition number="252" type="jump" coverage="0%" />
              </conditions>
            </line>
            <line number="245" hits="0" branch="False" />
            <line number="246" hits="0" branch="True" condition-coverage="0% (0/2)">
              <conditions>
                <condition number="108" type="jump" coverage="0%" />
              </conditions>
            </line>
            <line number="247" hits="0" branch="True" condition-coverage="0% (0/2)">
              <conditions>
                <condition number="132" type="jump" coverage="0%" />
              </conditions>
            </line>
            <line number="248" hits="0" branch="False" />
            <line number="249" hits="0" branch="False" />
            <line number="250" hits="0" branch="False" />
            <line number="251" hits="0" branch="False" />
            <line number="252" hits="0" branch="True" condition-coverage="0% (0/2)">
              <conditions>
                <condition number="153" type="jump" coverage="0%" />
              </conditions>
            </line>
            <line number="253" hits="0" branch="False" />
            <line number="254" hits="0" branch="True" condition-coverage="0% (0/4)">
              <conditions>
                <condition number="176" type="jump" coverage="0%" />
                <condition number="188" type="jump" coverage="0%" />
              </conditions>
            </line>
            <line number="255" hits="0" branch="False" />
            <line number="256" hits="0" branch="False" />
            <line number="257" hits="0" branch="False" />
            <line number="258" hits="0" branch="True" condition-coverage="0% (0/4)">
              <conditions>
                <condition number="217" type="jump" coverage="0%" />
                <condition number="229" type="jump" coverage="0%" />
              </conditions>
            </line>
            <line number="259" hits="0" branch="False" />
            <line number="260" hits="0" branch="False" />
            <line number="261" hits="0" branch="False" />
            <line number="262" hits="0" branch="False" />
            <line number="263" hits="0" branch="False" />
            <line number="264" hits="0" branch="True" condition-coverage="0% (0/2)">
              <conditions>
                <condition number="297" type="jump" coverage="0%" />
              </conditions>
            </line>
            <line number="265" hits="0" branch="False" />
            <line number="266" hits="0" branch="True" condition-coverage="0% (0/2)">
              <conditions>
                <condition number="301" type="jump" coverage="0%" />
              </conditions>
            </line>
            <line number="267" hits="0" branch="False" />
            <line number="268" hits="0" branch="False" />
            <line number="269" hits="0" branch="False" />
            <line number="270" hits="0" branch="False" />
            <line number="271" hits="0" branch="False" />
            <line number="273" hits="0" branch="False" />
            <line number="275" hits="0" branch="False" />
            <line number="277" hits="0" branch="False" />
            <line number="278" hits="0" branch="False" />
            <line number="279" hits="0" branch="False" />
            <line number="280" hits="0" branch="False" />
            <line number="281" hits="0" branch="True" condition-coverage="0% (0/2)">
              <conditions>
                <condition number="17" type="jump" coverage="0%" />
              </conditions>
            </line>
            <line number="282" hits="0" branch="False" />
            <line number="283" hits="0" branch="False" />
            <line number="284" hits="0" branch="False" />
            <line number="285" hits="0" branch="False" />
            <line number="286" hits="0" branch="False" />
            <line number="287" hits="0" branch="True" condition-coverage="0% (0/2)">
              <conditions>
                <condition number="56" type="jump" coverage="0%" />
              </conditions>
            </line>
            <line number="288" hits="0" branch="False" />
            <line number="289" hits="0" branch="False" />
            <line number="290" hits="0" branch="False" />
            <line number="291" hits="0" branch="False" />
            <line number="292" hits="0" branch="False" />
            <line number="293" hits="0" branch="False" />
            <line number="294" hits="0" branch="False" />
            <line number="295" hits="0" branch="False" />
            <line number="296" hits="0" branch="True" condition-coverage="0% (0/2)">
              <conditions>
                <condition number="241" type="jump" coverage="0%" />
              </conditions>
            </line>
            <line number="297" hits="0" branch="False" />
            <line number="298" hits="0" branch="False" />
            <line number="299" hits="0" branch="False" />
            <line number="300" hits="0" branch="False" />
            <line number="301" hits="0" branch="False" />
            <line number="302" hits="0" branch="True" condition-coverage="0% (0/2)">
              <conditions>
                <condition number="289" type="jump" coverage="0%" />
              </conditions>
            </line>
            <line number="303" hits="0" branch="False" />
            <line number="304" hits="0" branch="False" />
            <line number="305" hits="0" branch="False" />
            <line number="306" hits="0" branch="False" />
            <line number="308" hits="0" branch="False" />
            <line number="309" hits="0" branch="False" />
            <line number="310" hits="0" branch="False" />
            <line number="311" hits="0" branch="False" />
            <line number="312" hits="0" branch="False" />
            <line number="314" hits="0" branch="False" />
            <line number="316" hits="0" branch="False" />
          </lines>
        </class>
        <class name="Serilog.Sinks.SentrySDK.SentrySinkExtensions" filename="Serilog.Sinks.SentrySDK\SentrySinkExtensions.cs" line-rate="0" branch-rate="0" complexity="2">
          <methods>
            <method name="Sentry" signature="(Serilog.Configuration.LoggerSinkConfiguration,System.String,System.Boolean,System.Int32,System.Int32,System.Boolean,System.String,System.IFormatProvider,System.String,System.String,System.String,System.String,System.String,System.String,System.String,System.Single,System.Boolean,System.Boolean,System.Boolean,Serilog.Sinks.SentrySDK.ITransactionService,System.Double,System.String,System.Boolean,System.Double,System.Int32,System.String,System.Action`1&lt;Sentry.SentryOptions&gt;,System.Func`3&lt;Sentry.SentryEvent,Sentry.SentryHint,Sentry.SentryEvent&gt;)" line-rate="0" branch-rate="0" complexity="2">
              <lines>
                <line number="77" hits="0" branch="False" />
                <line number="78" hits="0" branch="False" />
                <line number="79" hits="0" branch="False" />
                <line number="80" hits="0" branch="False" />
                <line number="81" hits="0" branch="False" />
                <line number="82" hits="0" branch="False" />
                <line number="83" hits="0" branch="False" />
                <line number="84" hits="0" branch="False" />
                <line number="85" hits="0" branch="False" />
                <line number="86" hits="0" branch="False" />
                <line number="87" hits="0" branch="False" />
                <line number="88" hits="0" branch="False" />
                <line number="89" hits="0" branch="False" />
                <line number="90" hits="0" branch="False" />
                <line number="91" hits="0" branch="False" />
                <line number="92" hits="0" branch="False" />
                <line number="93" hits="0" branch="False" />
                <line number="94" hits="0" branch="False" />
                <line number="95" hits="0" branch="False" />
                <line number="96" hits="0" branch="False" />
                <line number="97" hits="0" branch="False" />
                <line number="98" hits="0" branch="False" />
                <line number="99" hits="0" branch="False" />
                <line number="100" hits="0" branch="False" />
                <line number="101" hits="0" branch="False" />
                <line number="102" hits="0" branch="False" />
                <line number="103" hits="0" branch="False" />
                <line number="104" hits="0" branch="False" />
                <line number="105" hits="0" branch="False" />
                <line number="106" hits="0" branch="False" />
                <line number="107" hits="0" branch="False" />
                <line number="109" hits="0" branch="True" condition-coverage="0% (0/2)">
                  <conditions>
                    <condition number="78" type="jump" coverage="0%" />
                  </conditions>
                </line>
                <line number="110" hits="0" branch="False" />
              </lines>
            </method>
          </methods>
          <lines>
            <line number="77" hits="0" branch="False" />
            <line number="78" hits="0" branch="False" />
            <line number="79" hits="0" branch="False" />
            <line number="80" hits="0" branch="False" />
            <line number="81" hits="0" branch="False" />
            <line number="82" hits="0" branch="False" />
            <line number="83" hits="0" branch="False" />
            <line number="84" hits="0" branch="False" />
            <line number="85" hits="0" branch="False" />
            <line number="86" hits="0" branch="False" />
            <line number="87" hits="0" branch="False" />
            <line number="88" hits="0" branch="False" />
            <line number="89" hits="0" branch="False" />
            <line number="90" hits="0" branch="False" />
            <line number="91" hits="0" branch="False" />
            <line number="92" hits="0" branch="False" />
            <line number="93" hits="0" branch="False" />
            <line number="94" hits="0" branch="False" />
            <line number="95" hits="0" branch="False" />
            <line number="96" hits="0" branch="False" />
            <line number="97" hits="0" branch="False" />
            <line number="98" hits="0" branch="False" />
            <line number="99" hits="0" branch="False" />
            <line number="100" hits="0" branch="False" />
            <line number="101" hits="0" branch="False" />
            <line number="102" hits="0" branch="False" />
            <line number="103" hits="0" branch="False" />
            <line number="104" hits="0" branch="False" />
            <line number="105" hits="0" branch="False" />
            <line number="106" hits="0" branch="False" />
            <line number="107" hits="0" branch="False" />
            <line number="109" hits="0" branch="True" condition-coverage="0% (0/2)">
              <conditions>
                <condition number="78" type="jump" coverage="0%" />
              </conditions>
            </line>
            <line number="110" hits="0" branch="False" />
          </lines>
        </class>
      </classes>
    </package>
  </packages>
</coverage>